<?xml version="1.0" encoding="UTF-8"?>
<testng-results ignored="0" total="10" passed="10" failed="0" skipped="0">
  <reporter-output>
  </reporter-output>
  <suite started-at="2023-02-22T15:54:34 IST" name="Default suite" finished-at="2023-02-22T15:55:30 IST" duration-ms="55727">
    <groups>
    </groups>
    <test started-at="2023-02-22T15:54:34 IST" name="Default test" finished-at="2023-02-22T15:55:30 IST" duration-ms="55727">
      <class name="rahulshetty_academy.rahulshetty">
        <test-method is-config="true" signature="beforeTest()[pri:0, instance:rahulshetty_academy.rahulshetty@35e2d654]" started-at="2023-02-22T15:54:34 IST" name="beforeTest" finished-at="2023-02-22T15:54:42 IST" duration-ms="7949" status="PASS">
          <reporter-output>
          </reporter-output>
        </test-method> <!-- beforeTest -->
        <test-method signature="radio_buttons()[pri:0, instance:rahulshetty_academy.rahulshetty@35e2d654]" started-at="2023-02-22T15:54:42 IST" name="radio_buttons" finished-at="2023-02-22T15:54:46 IST" duration-ms="3261" status="PASS">
          <reporter-output>
          </reporter-output>
        </test-method> <!-- radio_buttons -->
        <test-method signature="suggestion()[pri:1, instance:rahulshetty_academy.rahulshetty@35e2d654]" started-at="2023-02-22T15:54:46 IST" name="suggestion" finished-at="2023-02-22T15:54:48 IST" duration-ms="2147" status="PASS">
          <reporter-output>
          </reporter-output>
        </test-method> <!-- suggestion -->
        <test-method signature="dropdown()[pri:2, instance:rahulshetty_academy.rahulshetty@35e2d654]" started-at="2023-02-22T15:54:48 IST" name="dropdown" finished-at="2023-02-22T15:54:56 IST" duration-ms="8733" status="PASS">
          <reporter-output>
          </reporter-output>
        </test-method> <!-- dropdown -->
        <test-method signature="check_box()[pri:3, instance:rahulshetty_academy.rahulshetty@35e2d654]" started-at="2023-02-22T15:54:56 IST" name="check_box" finished-at="2023-02-22T15:54:59 IST" duration-ms="2230" status="PASS">
          <reporter-output>
          </reporter-output>
        </test-method> <!-- check_box -->
        <test-method signature="switch_window()[pri:4, instance:rahulshetty_academy.rahulshetty@35e2d654]" started-at="2023-02-22T15:54:59 IST" name="switch_window" finished-at="2023-02-22T15:55:10 IST" duration-ms="10908" status="PASS">
          <reporter-output>
          </reporter-output>
        </test-method> <!-- switch_window -->
        <test-method signature="switch_tab()[pri:5, instance:rahulshetty_academy.rahulshetty@35e2d654]" started-at="2023-02-22T15:55:10 IST" name="switch_tab" finished-at="2023-02-22T15:55:14 IST" duration-ms="4139" status="PASS">
          <reporter-output>
          </reporter-output>
        </test-method> <!-- switch_tab -->
        <test-method signature="switch_to_alert()[pri:6, instance:rahulshetty_academy.rahulshetty@35e2d654]" started-at="2023-02-22T15:55:14 IST" name="switch_to_alert" finished-at="2023-02-22T15:55:19 IST" duration-ms="5355" status="PASS">
          <reporter-output>
          </reporter-output>
        </test-method> <!-- switch_to_alert -->
        <test-method signature="element_display()[pri:7, instance:rahulshetty_academy.rahulshetty@35e2d654]" started-at="2023-02-22T15:55:19 IST" name="element_display" finished-at="2023-02-22T15:55:22 IST" duration-ms="3226" status="PASS">
          <reporter-output>
          </reporter-output>
        </test-method> <!-- element_display -->
        <test-method signature="table()[pri:8, instance:rahulshetty_academy.rahulshetty@35e2d654]" started-at="2023-02-22T15:55:22 IST" name="table" finished-at="2023-02-22T15:55:23 IST" duration-ms="1029" status="PASS">
          <reporter-output>
          </reporter-output>
        </test-method> <!-- table -->
        <test-method signature="mouse_hover()[pri:9, instance:rahulshetty_academy.rahulshetty@35e2d654]" started-at="2023-02-22T15:55:23 IST" name="mouse_hover" finished-at="2023-02-22T15:55:30 IST" duration-ms="6633" status="PASS">
          <reporter-output>
          </reporter-output>
        </test-method> <!-- mouse_hover -->
        <test-method is-config="true" signature="afterTest()[pri:0, instance:rahulshetty_academy.rahulshetty@35e2d654]" started-at="2023-02-22T15:55:30 IST" name="afterTest" finished-at="2023-02-22T15:55:30 IST" duration-ms="0" status="PASS">
          <reporter-output>
          </reporter-output>
        </test-method> <!-- afterTest -->
      </class> <!-- rahulshetty_academy.rahulshetty -->
    </test> <!-- Default test -->
  </suite> <!-- Default suite -->
</testng-results>
