<?xml version="1.0" encoding="UTF-8"?>
<!-- Generated by org.testng.reporters.JUnitXMLReporter -->
<testsuite ignored="0" hostname="LAPTOP-GGTLOUOF" failures="0" tests="10" name="Default test" time="55.727" errors="0" timestamp="2023-02-22T15:55:30 IST">
  <testcase classname="rahulshetty_academy.rahulshetty" name="radio_buttons" time="3.261"/>
  <testcase classname="rahulshetty_academy.rahulshetty" name="suggestion" time="2.147"/>
  <testcase classname="rahulshetty_academy.rahulshetty" name="dropdown" time="8.733"/>
  <testcase classname="rahulshetty_academy.rahulshetty" name="check_box" time="2.23"/>
  <testcase classname="rahulshetty_academy.rahulshetty" name="switch_window" time="10.908"/>
  <testcase classname="rahulshetty_academy.rahulshetty" name="switch_tab" time="4.139"/>
  <testcase classname="rahulshetty_academy.rahulshetty" name="switch_to_alert" time="5.355"/>
  <testcase classname="rahulshetty_academy.rahulshetty" name="element_display" time="3.226"/>
  <testcase classname="rahulshetty_academy.rahulshetty" name="table" time="1.029"/>
  <testcase classname="rahulshetty_academy.rahulshetty" name="mouse_hover" time="6.633"/>
</testsuite> <!-- Default test -->
